timestamp: 2013-09-22T02:53:06.110471
CREATE TABLE auth_user(
    id INTEGER PRIMARY KEY AUTOINCREMENT,
    first_name CHAR(128),
    last_name CHAR(128),
    email CHAR(512),
    password CHAR(512),
    registration_key CHAR(512),
    reset_password_key CHAR(512),
    registration_id CHAR(512)
);
success!
timestamp: 2013-09-22T02:53:06.339575
CREATE TABLE auth_group(
    id INTEGER PRIMARY KEY AUTOINCREMENT,
    role CHAR(512),
    description TEXT
);
success!
timestamp: 2013-09-22T02:53:06.451151
CREATE TABLE auth_membership(
    id INTEGER PRIMARY KEY AUTOINCREMENT,
    user_id INTEGER REFERENCES auth_user(id) ON DELETE CASCADE,
    group_id INTEGER REFERENCES auth_group(id) ON DELETE CASCADE
);
success!
timestamp: 2013-09-22T02:53:06.562915
CREATE TABLE auth_permission(
    id INTEGER PRIMARY KEY AUTOINCREMENT,
    group_id INTEGER REFERENCES auth_group(id) ON DELETE CASCADE,
    name CHAR(512),
    table_name CHAR(512),
    record_id INTEGER
);
success!
timestamp: 2013-09-22T02:53:06.674337
CREATE TABLE auth_event(
    id INTEGER PRIMARY KEY AUTOINCREMENT,
    time_stamp TIMESTAMP,
    client_ip CHAR(512),
    user_id INTEGER REFERENCES auth_user(id) ON DELETE CASCADE,
    origin CHAR(512),
    description TEXT
);
success!
timestamp: 2013-09-22T02:53:06.786346
CREATE TABLE auth_cas(
    id INTEGER PRIMARY KEY AUTOINCREMENT,
    user_id INTEGER REFERENCES auth_user(id) ON DELETE CASCADE,
    created_on TIMESTAMP,
    service CHAR(512),
    ticket CHAR(512),
    renew CHAR(1)
);
success!
timestamp: 2013-09-22T02:53:06.920271
CREATE TABLE Trivia(
    id INTEGER PRIMARY KEY AUTOINCREMENT,
    Question TEXT,
    Answer INTEGER,
    Level INTEGER,
    Picture CHAR(512)
);
success!
timestamp: 2013-09-22T02:53:07.042389
CREATE TABLE Done(
    id INTEGER PRIMARY KEY AUTOINCREMENT,
    User INTEGER REFERENCES auth_user(id) ON DELETE CASCADE,
    Question INTEGER REFERENCES Trivia(id) ON DELETE CASCADE
);
success!
timestamp: 2013-09-22T02:53:07.165225
CREATE TABLE Level(
    id INTEGER PRIMARY KEY AUTOINCREMENT,
    User INTEGER REFERENCES auth_user(id) ON DELETE CASCADE,
    Level INTEGER
);
success!
timestamp: 2013-09-22T04:14:31.676554
ALTER TABLE auth_user ADD points CHAR(512);
timestamp: 2013-09-22T04:16:40.695798
ALTER TABLE auth_user ADD rollno CHAR(512);
