[2013-09-20 08:14:46] START
[2013-09-20 08:31:48] EDIT sharing/views/default/fb_login.html: 0
[2013-09-20 08:34:05] EDIT sharing/views/default/fb_login.html: 0
[2013-09-20 08:36:45] EDIT sharing/views/default/fb_login.html: 0
[2013-09-20 09:13:39] EDIT sharing/views/default/fb_login.html: 0
[2013-09-20 09:17:19] EDIT sharing/views/default/fb_login.html: 0
[2013-09-20 09:18:32] EDIT sharing/views/default/fb_login.html: 0
[2013-09-20 09:19:16] EDIT sharing/views/default/fb_login.html: 0
[2013-09-20 09:36:09] EDIT sharing/views/default/fb_login.html: 0
[2013-09-20 09:45:30] EDIT sharing/views/default/fb_login.html: -22
[2013-09-20 09:48:28] EDIT sharing/views/default/fb_login.html: 1
[2013-09-20 09:48:50] EDIT sharing/views/default/fb_login.html: 0
[2013-09-20 09:52:26] EDIT sharing/views/default/fb_login.html: 2
[2013-09-20 10:33:54] EDIT sharing/views/default/fb_login.html: 0
[2013-09-20 15:53:47] CREATE default/fb1.html: 0
[2013-09-20 15:55:16] EDIT sharing/views/default/fb1.html: 22
[2013-09-20 15:58:55] EDIT sharing/views/default/fb1.html: 0
[2013-09-20 15:58:56] EDIT sharing/views/default/fb1.html: 0
[2013-09-20 15:58:57] EDIT sharing/views/default/fb1.html: 0
[2013-09-20 15:59:06] EDIT sharing/views/default/fb1.html: 0
[2013-09-20 16:00:15] EDIT sharing/controllers/default.py: 2
[2013-09-20 16:03:54] EDIT sharing/views/default/fb1.html: 4
[2013-09-20 16:07:34] EDIT sharing/views/default/fb1.html: 3
[2013-09-20 16:07:35] EDIT sharing/views/default/fb1.html: 0
[2013-09-20 16:23:45] EDIT sharing/views/default/fb1.html: -3
[2013-09-20 16:36:05] EDIT sharing/views/default/fb1.html: 22
[2013-09-20 16:36:12] EDIT sharing/views/default/fb1.html: 0
[2013-09-20 16:40:45] EDIT sharing/views/default/fb1.html: 2
[2013-09-20 16:43:44] EDIT sharing/views/default/fb1.html: 6
[2013-09-20 16:44:26] EDIT sharing/views/default/fb1.html: 2
[2013-09-20 16:44:27] EDIT sharing/views/default/fb1.html: 0
[2013-09-20 16:44:28] EDIT sharing/views/default/fb1.html: 0
[2013-09-20 16:44:28] EDIT sharing/views/default/fb1.html: 0
[2013-09-20 16:44:28] EDIT sharing/views/default/fb1.html: 0
[2013-09-20 16:45:22] EDIT sharing/views/default/fb1.html: 0
[2013-09-20 16:45:24] EDIT sharing/views/default/fb1.html: 0
[2013-09-20 16:45:24] EDIT sharing/views/default/fb1.html: 0
[2013-09-20 16:45:24] EDIT sharing/views/default/fb1.html: 0
[2013-09-20 16:45:41] EDIT sharing/views/default/fb1.html: 0
[2013-09-20 16:53:16] EDIT sharing/views/default/fb1.html: 10
[2013-09-20 17:03:30] EDIT sharing/views/default/fb1.html: 0
[2013-09-20 17:04:50] EDIT sharing/views/default/fb1.html: 0
[2013-09-20 17:04:50] EDIT sharing/views/default/fb1.html: 0
[2013-09-20 17:04:51] EDIT sharing/views/default/fb1.html: 0
[2013-09-20 17:06:23] EDIT sharing/views/default/fb1.html: 1
[2013-09-20 17:07:17] EDIT sharing/views/default/fb1.html: 0
[2013-09-20 17:07:24] EDIT sharing/views/default/fb1.html: 0
[2013-09-20 17:08:49] EDIT sharing/views/default/fb1.html: 2
[2013-09-20 17:09:52] EDIT sharing/views/default/fb1.html: 0
[2013-09-20 17:09:53] EDIT sharing/views/default/fb1.html: 0
[2013-09-20 17:12:32] EDIT sharing/views/default/fb1.html: 0
[2013-09-20 17:13:33] EDIT sharing/views/default/fb1.html: 0
[2013-09-20 17:14:30] EDIT sharing/views/default/fb1.html: 0
[2013-09-20 17:16:11] EDIT sharing/views/default/fb1.html: -1
[2013-09-20 17:18:37] EDIT sharing/views/default/fb1.html: 1
[2013-09-20 17:21:16] EDIT sharing/views/default/fb1.html: 0
[2013-09-20 17:21:49] EDIT sharing/views/default/fb1.html: 0
[2013-09-20 17:21:56] EDIT sharing/views/default/fb1.html: 0
[2013-09-20 17:38:02] EDIT sharing/views/default/fb1.html: 7
[2013-09-20 17:38:36] EDIT sharing/views/default/fb1.html: 0
[2013-09-20 17:38:54] EDIT sharing/views/default/fb1.html: 0
[2013-09-20 17:39:13] EDIT sharing/views/default/fb1.html: 0
[2013-09-20 17:41:10] EDIT sharing/views/default/fb1.html: 6
[2013-09-20 17:41:22] EDIT sharing/views/default/fb1.html: 0
[2013-09-20 17:52:50] EDIT sharing/views/default/fb1.html: 0
[2013-09-20 17:52:52] EDIT sharing/views/default/fb1.html: 0
[2013-09-20 17:52:57] EDIT sharing/views/default/fb1.html: 0
[2013-09-20 17:53:33] EDIT sharing/views/default/fb1.html: 0
[2013-09-20 17:55:25] EDIT sharing/views/default/fb1.html: 0
[2013-09-20 17:56:18] EDIT sharing/views/default/fb1.html: 0
[2013-09-20 17:58:02] EDIT sharing/views/default/fb1.html: 0
[2013-09-20 17:58:08] EDIT sharing/views/default/fb1.html: 0
[2013-09-20 18:11:23] EDIT sharing/views/default/fb1.html: 0
[2013-09-20 18:11:29] EDIT sharing/views/default/fb1.html: 0
[2013-09-20 18:12:28] EDIT sharing/views/default/fb1.html: 0
[2013-09-20 18:26:22] EDIT sharing/controllers/default.py: 2
[2013-09-20 18:26:39] CREATE default/auth_login.html: 0
[2013-09-23 18:13:50] EDIT sharing/views/default/auth_login.html: 12
[2013-09-23 18:14:35] EDIT sharing/views/default/auth_login.html: 0
[2013-09-23 18:17:14] EDIT sharing/views/default/auth_login.html: 20
[2013-09-23 18:21:24] EDIT sharing/views/default/auth_login.html: 36
[2013-09-23 18:44:45] EDIT sharing/views/default/auth_login.html: 1
[2013-09-23 18:45:18] EDIT sharing/views/default/auth_login.html: 1
[2013-09-23 18:48:42] EDIT sharing/views/default/auth_login.html: 10
[2013-09-23 18:50:02] EDIT sharing/views/default/auth_login.html: -10
[2013-09-23 18:50:54] EDIT sharing/views/default/auth_login.html: 0
[2013-09-23 18:51:55] EDIT sharing/views/default/auth_login.html: 0
[2013-09-23 18:53:43] EDIT sharing/views/default/auth_login.html: 0
[2013-09-23 18:54:12] EDIT sharing/views/default/auth_login.html: 1
[2013-09-23 18:56:21] EDIT sharing/views/default/auth_login.html: 18
[2013-09-23 18:57:19] EDIT sharing/views/default/auth_login.html: 2
[2013-09-23 18:58:43] EDIT sharing/views/default/auth_login.html: 2
[2013-09-23 18:58:44] EDIT sharing/views/default/auth_login.html: 0
[2013-09-23 18:59:11] EDIT sharing/views/default/auth_login.html: 0
[2013-09-23 19:00:22] EDIT sharing/views/default/auth_login.html: -1
[2013-09-23 19:00:32] EDIT sharing/views/default/auth_login.html: 0
[2013-09-23 19:00:39] EDIT sharing/views/default/auth_login.html: 0
[2013-09-23 19:01:12] EDIT sharing/views/default/auth_login.html: -1
[2013-09-23 19:02:30] EDIT sharing/views/default/auth_login.html: -1
[2013-09-23 19:02:39] EDIT sharing/views/default/auth_login.html: 0
[2013-09-23 19:02:54] EDIT sharing/views/default/auth_login.html: 2
[2013-09-23 19:03:38] EDIT sharing/views/default/auth_login.html: 0
[2013-09-23 19:03:54] EDIT sharing/views/default/auth_login.html: 0
[2013-09-23 19:06:43] EDIT sharing/views/default/auth_login.html: 0
[2013-09-23 19:08:24] EDIT sharing/views/default/auth_login.html: 2
[2013-09-23 19:08:40] EDIT sharing/views/default/auth_login.html: -6
[2013-09-23 19:16:46] EDIT sharing/views/default/auth_login.html: 4
[2013-09-23 19:17:00] EDIT sharing/views/default/auth_login.html: 0
[2013-09-23 19:17:30] EDIT sharing/views/default/auth_login.html: 1
[2013-09-23 19:17:32] EDIT sharing/views/default/auth_login.html: 0
[2013-09-23 19:18:47] EDIT sharing/views/default/auth_login.html: 1
[2013-09-23 19:22:52] EDIT sharing/views/default/auth_login.html: 1
[2013-09-23 19:23:12] EDIT sharing/views/default/auth_login.html: 0
[2013-09-23 19:26:05] EDIT sharing/views/default/auth_login.html: 0
[2013-09-23 19:26:23] EDIT sharing/views/default/auth_login.html: 1
[2013-09-23 19:26:49] EDIT sharing/views/default/auth_login.html: 0
[2013-09-23 19:27:12] EDIT sharing/views/default/auth_login.html: 0
[2013-09-23 19:27:17] EDIT sharing/views/default/auth_login.html: 0
[2013-09-23 19:27:55] EDIT sharing/views/default/auth_login.html: 0
[2013-09-23 19:28:11] EDIT sharing/views/default/auth_login.html: -1
[2013-09-23 19:28:24] EDIT sharing/views/default/auth_login.html: 0
[2013-09-23 19:56:42] EDIT sharing/views/default/auth_login.html: 7
[2013-09-23 20:12:02] EDIT sharing/controllers/default.py: 0
[2013-09-23 20:15:58] EDIT sharing/views/default/auth_login.html: 1
[2013-09-23 20:16:16] EDIT sharing/views/default/auth_login.html: 0
[2013-09-23 20:16:48] EDIT sharing/views/default/auth_login.html: 0
[2013-09-23 20:20:54] EDIT sharing/controllers/default.py: 2
[2013-09-23 20:22:19] EDIT sharing/views/default/auth_login.html: 0
[2013-09-24 08:11:40] EDIT sharing/views/default/auth_login.html: 0
[2013-09-24 08:15:30] EDIT sharing/views/default/auth_login.html: 1
[2013-09-24 08:15:47] EDIT sharing/views/default/auth_login.html: 0
[2013-09-24 08:16:15] EDIT sharing/views/default/auth_login.html: 0
[2013-09-24 08:16:22] EDIT sharing/views/default/auth_login.html: 0
[2013-09-24 08:17:02] EDIT sharing/views/default/auth_login.html: 0
[2013-09-24 08:18:13] EDIT sharing/views/default/auth_login.html: 0
[2013-09-24 08:22:52] EDIT sharing/views/default/auth_login.html: 2
[2013-09-24 08:26:32] EDIT sharing/views/default/auth_login.html: 0
[2013-09-24 08:26:35] EDIT sharing/views/default/auth_login.html: 0
[2013-09-24 08:26:39] EDIT sharing/views/default/auth_login.html: 0
[2013-09-24 08:27:56] EDIT sharing/views/default/auth_login.html: 0
[2013-09-24 08:29:47] EDIT sharing/views/default/auth_login.html: 0
[2013-09-24 08:32:19] EDIT sharing/views/default/auth_login.html: 0
[2013-09-24 08:33:12] EDIT sharing/views/default/auth_login.html: 0
[2013-09-24 08:33:19] EDIT sharing/views/default/auth_login.html: 0
[2013-09-24 08:35:18] EDIT sharing/controllers/default.py: 0
[2013-09-24 08:36:46] EDIT sharing/views/default/auth_login.html: 0
[2013-09-24 08:37:10] EDIT sharing/controllers/default.py: 0
[2013-09-24 08:37:15] EDIT sharing/views/default/auth_login.html: 0
[2013-09-24 08:39:02] EDIT sharing/views/default/auth_login.html: 0
[2013-09-24 08:41:05] EDIT sharing/views/default/auth_login.html: 1
[2013-09-24 08:55:17] EDIT sharing/views/default/auth_login.html: 0
[2013-09-24 08:56:21] EDIT sharing/views/default/auth_login.html: -1
[2013-09-24 08:58:09] EDIT sharing/controllers/default.py: -2
[2013-09-24 08:59:10] EDIT sharing/views/default/auth_login.html: 0
[2013-09-24 09:12:39] EDIT sharing/controllers/default.py: 0
[2013-09-24 09:29:37] EDIT sharing/controllers/default.py: 0
[2013-09-24 09:37:20] EDIT sharing/views/default/new.html: 0
[2013-09-24 09:37:51] EDIT sharing/views/default/new.html: 0
[2013-09-24 09:39:05] EDIT sharing/views/default/new.html: 0
[2013-09-24 09:39:30] EDIT sharing/views/default/get_email.html: 1
[2013-09-24 09:40:01] EDIT sharing/views/default/get_email.html: 0
[2013-09-24 09:40:17] EDIT sharing/views/default/get_email.html: 0
[2013-09-24 09:40:42] EDIT sharing/views/default/get_email.html: 0
[2013-09-24 09:41:14] EDIT sharing/views/default/get_email.html: 0
[2013-09-24 09:41:21] EDIT sharing/views/default/get_email.html: 0
[2013-09-24 09:41:53] EDIT sharing/views/default/get_email.html: 0
[2013-09-24 09:44:01] EDIT sharing/views/default/get_email.html: 0
[2013-09-24 09:44:47] EDIT sharing/controllers/default.py: 0
[2013-09-24 09:45:24] EDIT sharing/controllers/default.py: 0
[2013-09-24 09:46:17] EDIT sharing/controllers/default.py: 1
[2013-09-24 09:46:30] EDIT sharing/controllers/default.py: 0
[2013-09-24 09:47:52] EDIT sharing/views/default/get_email.html: 1
[2013-09-24 09:48:02] EDIT sharing/views/default/get_email.html: 1
[2013-09-24 09:48:07] EDIT sharing/views/default/get_email.html: 0
[2013-09-24 09:48:24] EDIT sharing/views/default/get_email.html: 0
[2013-09-24 09:48:47] EDIT sharing/views/default/get_email.html: 0
[2013-09-24 09:49:46] EDIT sharing/views/default/get_email.html: 0
[2013-09-24 09:52:00] EDIT sharing/views/default/get_email.html: 0
[2013-09-24 09:59:24] EDIT sharing/views/default/auth_login.html: 0
[2013-09-24 10:01:18] EDIT sharing/controllers/default.py: 0
[2013-09-24 10:04:28] EDIT sharing/views/default/get_email.html: 1
[2013-09-24 10:04:43] EDIT sharing/views/default/get_email.html: 0
[2013-09-24 10:09:33] EDIT sharing/views/default/auth_login.html: 0
[2013-09-24 10:12:02] EDIT sharing/views/default/auth_login.html: 1
[2013-09-24 10:12:51] EDIT sharing/controllers/default.py: 0
[2013-09-24 10:13:49] EDIT sharing/views/default/auth_login.html: 0
[2013-09-24 10:16:24] EDIT sharing/views/default/auth_login.html: 0
[2013-09-24 10:28:11] EDIT sharing/views/default/auth_login.html: 0
[2013-09-24 10:39:29] EDIT sharing/views/default/auth_login.html: 0
[2013-09-24 10:41:12] EDIT sharing/views/default/auth_login.html: 0
[2013-09-24 10:41:15] EDIT sharing/views/default/auth_login.html: 0
[2013-09-24 10:46:48] EDIT sharing/views/default/get_email.html: 1
[2013-09-24 10:47:29] EDIT sharing/views/default/get_email.html: 0
[2013-09-24 10:49:23] EDIT sharing/controllers/default.py: 2
[2013-09-24 10:49:36] EDIT sharing/views/default/get_email.html: 0
[2013-09-24 10:49:56] EDIT sharing/views/default/get_email.html: 1
[2013-09-24 10:51:24] EDIT sharing/controllers/default.py: 2
[2013-09-24 10:51:39] EDIT sharing/views/default/get_email.html: 2
[2013-09-24 10:55:46] EDIT sharing/views/default/get_email.html: 1
[2013-09-24 11:01:11] EDIT sharing/models/db.py: 5
[2013-09-24 11:01:28] EDIT sharing/models/db.py: 0
[2013-09-24 12:42:13] EDIT sharing/models/db.py: 1
[2013-09-24 12:53:02] EDIT sharing/models/db.py: 0
[2013-09-24 12:53:06] EDIT sharing/controllers/default.py: 5
[2013-09-24 13:04:08] EDIT sharing/controllers/default.py: 7
[2013-09-24 13:04:26] EDIT sharing/controllers/default.py: 0
[2013-09-24 13:09:16] EDIT sharing/controllers/default.py: 0
[2013-09-24 13:09:19] EDIT sharing/models/db.py: 0
[2013-09-24 13:12:00] EDIT sharing/views/default/auth_login.html: 0
[2013-09-24 13:18:54] EDIT sharing/controllers/default.py: 5
[2013-09-24 13:19:18] EDIT sharing/controllers/default.py: 0
[2013-09-24 13:20:15] EDIT sharing/controllers/default.py: 0
[2013-09-24 13:21:02] EDIT sharing/controllers/default.py: 0
[2013-09-24 13:21:31] CREATE default/contact_list.html: 0
[2013-09-24 13:24:08] EDIT sharing/views/default/contact_list.html: 1
[2013-09-24 13:24:24] EDIT sharing/views/default/contact_list.html: 0
[2013-09-24 13:27:26] EDIT sharing/views/default/auth_login.html: 1
[2013-09-24 13:27:36] EDIT sharing/views/default/auth_login.html: 0
[2013-09-24 13:28:36] EDIT sharing/views/default/auth_login.html: 0
[2013-09-24 13:28:44] EDIT sharing/views/default/auth_login.html: 0
[2013-09-24 13:29:38] EDIT sharing/views/default/auth_login.html: 0
[2013-09-24 13:35:06] EDIT sharing/controllers/default.py: 0
[2013-09-24 13:35:33] EDIT sharing/controllers/default.py: 1
[2013-09-24 13:35:46] EDIT sharing/controllers/default.py: 0
[2013-09-24 13:37:38] EDIT sharing/controllers/default.py: 0
[2013-09-24 13:39:18] EDIT sharing/controllers/default.py: 1
[2013-09-24 13:40:43] EDIT sharing/controllers/default.py: 0
[2013-09-24 13:41:25] EDIT sharing/views/default/auth_login.html: 0
[2013-09-24 13:42:55] EDIT sharing/views/default/auth_login.html: 0
[2013-09-24 13:44:23] EDIT sharing/views/default/auth_login.html: 0
[2013-09-24 13:46:31] EDIT sharing/views/default/auth_login.html: 1
[2013-09-24 14:02:08] EDIT sharing/controllers/default.py: 4
[2013-09-24 14:02:21] EDIT sharing/controllers/default.py: 0
[2013-09-24 14:02:41] EDIT sharing/controllers/default.py: 0
[2013-09-24 14:02:53] EDIT sharing/controllers/default.py: 0
[2013-09-26 16:46:01] EDIT sharing/views/default/get_email.html: 148
[2013-10-02 07:08:27] EDIT sharing/views/default/auth_login.html: 0
[2013-10-02 07:52:45] EDIT sharing/views/default/get_email.html: 2
[2013-10-02 07:58:37] EDIT sharing/controllers/default.py: 0
[2013-10-02 08:06:03] EDIT sharing/views/default/get_email.html: 1
[2013-10-02 08:06:06] EDIT sharing/views/default/get_email.html: 0
[2013-10-02 08:06:10] EDIT sharing/views/default/get_email.html: 0
[2013-10-02 08:09:01] EDIT sharing/views/default/get_email.html: 0
[2013-10-02 08:09:31] EDIT sharing/views/default/get_email.html: 2
[2013-10-02 08:10:04] EDIT sharing/views/default/get_email.html: 0
[2013-10-02 08:14:06] EDIT sharing/views/default/get_email.html: 0
[2013-10-02 08:16:53] EDIT sharing/views/default/get_email.html: 2
[2013-10-02 08:40:58] EDIT sharing/views/default/auth_login.html: 0
[2013-10-02 08:44:30] EDIT sharing/views/default/auth_login.html: 1
[2013-10-02 09:48:32] EDIT sharing/views/default/contact_list.html: 9
[2013-10-02 09:51:13] EDIT sharing/views/default/contact_list.html: 4
[2013-10-02 09:51:37] EDIT sharing/views/default/contact_list.html: 1
[2013-10-02 09:52:06] EDIT sharing/views/default/contact_list.html: 3
[2013-10-02 09:52:27] EDIT sharing/views/default/contact_list.html: 1
[2013-10-02 09:52:37] EDIT sharing/views/default/contact_list.html: 0
[2013-10-02 10:10:12] EDIT sharing/views/default/contact_list.html: 11
[2013-10-02 10:11:07] EDIT sharing/views/default/contact_list.html: 2
[2013-10-02 10:11:17] EDIT sharing/views/default/contact_list.html: 0
[2013-10-02 10:12:22] EDIT sharing/views/default/contact_list.html: 0
[2013-10-02 10:14:36] EDIT sharing/views/default/contact_list.html: 3
[2013-10-02 10:14:52] EDIT sharing/views/default/contact_list.html: 0
[2013-10-02 10:18:16] EDIT sharing/views/default/contact_list.html: 1
[2013-10-02 10:20:09] EDIT sharing/views/default/contact_list.html: 2
[2013-10-02 10:20:57] EDIT sharing/views/default/contact_list.html: 0
